<?xml version="1.0" encoding="UTF-8"?>
<!-- Generated by org.testng.reporters.JUnitXMLReporter -->
<testsuite ignored="1" hostname="DESKTOP-BFMJ2UG" failures="0" tests="1" name="Default test" time="19.268" errors="0" timestamp="2024-12-09T22:44:52 IST">
  <testcase classname="com.dss.qa.testcases.LoginTest_for_pf" name="validateLoginWith_ValidCredentials" time="5.635"/>
  <testcase classname="com.dss.qa.testcases.LoginTest_for_pf" name="validateLoginWith_InValidCredentials" time="0.0">
    <ignored/>
  </testcase> <!-- validateLoginWith_InValidCredentials -->
</testsuite> <!-- Default test -->
