<?xml version="1.0" encoding="UTF-8"?>
<testng-results ignored="0" total="1" passed="1" failed="0" skipped="0">
  <reporter-output>
  </reporter-output>
  <suite started-at="2024-12-09T22:44:33 IST" name="Default suite" finished-at="2024-12-09T22:44:52 IST" duration-ms="19268">
    <groups>
    </groups>
    <test started-at="2024-12-09T22:44:33 IST" name="Default test" finished-at="2024-12-09T22:44:52 IST" duration-ms="19268">
      <class name="com.dss.qa.testcases.LoginTest_for_pf">
        <test-method is-config="true" signature="setup()[pri:0, instance:com.dss.qa.testcases.LoginTest_for_pf@3576ddc2]" started-at="2024-12-09T22:44:33 IST" name="setup" finished-at="2024-12-09T22:44:44 IST" duration-ms="10875" status="PASS">
          <reporter-output>
          </reporter-output>
        </test-method> <!-- setup -->
        <test-method signature="validateLoginWith_ValidCredentials()[pri:1, instance:com.dss.qa.testcases.LoginTest_for_pf@3576ddc2]" started-at="2024-12-09T22:44:44 IST" name="validateLoginWith_ValidCredentials" finished-at="2024-12-09T22:44:49 IST" duration-ms="5635" status="PASS">
          <reporter-output>
          </reporter-output>
        </test-method> <!-- validateLoginWith_ValidCredentials -->
        <test-method is-config="true" signature="tearDown()[pri:0, instance:com.dss.qa.testcases.LoginTest_for_pf@3576ddc2]" started-at="2024-12-09T22:44:49 IST" name="tearDown" finished-at="2024-12-09T22:44:52 IST" duration-ms="2679" status="PASS">
          <reporter-output>
          </reporter-output>
        </test-method> <!-- tearDown -->
      </class> <!-- com.dss.qa.testcases.LoginTest_for_pf -->
    </test> <!-- Default test -->
  </suite> <!-- Default suite -->
</testng-results>
